<?xml version="1.0" encoding="UTF-8"?>
<coverage generated="1658341789533" clover="3.2.0">
  <project timestamp="1658341789533" name="All files">
    <metrics statements="52" coveredstatements="38" conditionals="48" coveredconditionals="26" methods="15" coveredmethods="9" elements="115" coveredelements="73" complexity="0" loc="52" ncloc="52" packages="1" files="4" classes="4"/>
    <file name="Table.stories.tsx" path="C:\Users\manue\Desktop\Componentes\improvingUI\src\components\Table\Table.stories.tsx">
      <metrics statements="9" coveredstatements="0" conditionals="0" coveredconditionals="0" methods="2" coveredmethods="0"/>
      <line num="4" count="0" type="stmt"/>
      <line num="17" count="0" type="stmt"/>
      <line num="19" count="0" type="stmt"/>
      <line num="20" count="0" type="stmt"/>
      <line num="23" count="0" type="stmt"/>
      <line num="30" count="0" type="stmt"/>
      <line num="31" count="0" type="stmt"/>
      <line num="36" count="0" type="stmt"/>
      <line num="37" count="0" type="stmt"/>
    </file>
    <file name="Table.tsx" path="C:\Users\manue\Desktop\Componentes\improvingUI\src\components\Table\Table.tsx">
      <metrics statements="20" coveredstatements="20" conditionals="12" coveredconditionals="5" methods="2" coveredmethods="2"/>
      <line num="21" count="1" type="cond" truecount="2" falsecount="2"/>
      <line num="22" count="6" type="stmt"/>
      <line num="23" count="6" type="stmt"/>
      <line num="25" count="6" type="stmt"/>
      <line num="26" count="6" type="stmt"/>
      <line num="27" count="6" type="stmt"/>
      <line num="28" count="6" type="stmt"/>
      <line num="29" count="6" type="stmt"/>
      <line num="32" count="6" type="stmt"/>
      <line num="33" count="3" type="stmt"/>
      <line num="34" count="3" type="stmt"/>
      <line num="35" count="3" type="stmt"/>
      <line num="36" count="3" type="stmt"/>
      <line num="37" count="3" type="stmt"/>
      <line num="38" count="3" type="stmt"/>
      <line num="39" count="3" type="stmt"/>
      <line num="40" count="3" type="stmt"/>
      <line num="41" count="3" type="stmt"/>
      <line num="42" count="3" type="stmt"/>
      <line num="45" count="6" type="stmt"/>
    </file>
    <file name="TableBody.tsx" path="C:\Users\manue\Desktop\Componentes\improvingUI\src\components\Table\TableBody.tsx">
      <metrics statements="7" coveredstatements="5" conditionals="16" coveredconditionals="6" methods="7" coveredmethods="3"/>
      <line num="11" count="1" type="stmt"/>
      <line num="13" count="1" type="cond" truecount="1" falsecount="3"/>
      <line num="14" count="6" type="stmt"/>
      <line num="18" count="70" type="stmt"/>
      <line num="21" count="350" type="stmt"/>
      <line num="26" count="0" type="cond" truecount="0" falsecount="2"/>
      <line num="37" count="0" type="cond" truecount="0" falsecount="2"/>
    </file>
    <file name="validations.ts" path="C:\Users\manue\Desktop\Componentes\improvingUI\src\components\Table\validations.ts">
      <metrics statements="16" coveredstatements="13" conditionals="20" coveredconditionals="15" methods="4" coveredmethods="4"/>
      <line num="6" count="1" type="stmt"/>
      <line num="7" count="3" type="cond" truecount="4" falsecount="1"/>
      <line num="8" count="3" type="stmt"/>
      <line num="10" count="0" type="stmt"/>
      <line num="13" count="1" type="stmt"/>
      <line num="14" count="3" type="cond" truecount="3" falsecount="2"/>
      <line num="15" count="0" type="stmt"/>
      <line num="17" count="3" type="stmt"/>
      <line num="20" count="1" type="stmt"/>
      <line num="21" count="6" type="cond" truecount="5" falsecount="0"/>
      <line num="22" count="4" type="stmt"/>
      <line num="24" count="2" type="stmt"/>
      <line num="27" count="1" type="stmt"/>
      <line num="28" count="3" type="cond" truecount="3" falsecount="2"/>
      <line num="29" count="0" type="stmt"/>
      <line num="31" count="3" type="stmt"/>
    </file>
  </project>
</coverage>
