{"C:\\Users\\manue\\Desktop\\Componentes\\improvingUI\\src\\components\\Table\\Table.stories.tsx": {"path":"C:\\Users\\manue\\Desktop\\Componentes\\improvingUI\\src\\components\\Table\\Table.stories.tsx","statementMap":{"0":{"start":{"line":4,"column":16},"end":{"line":4,"column":41}},"1":{"start":{"line":17,"column":18},"end":{"line":17,"column":31}},"2":{"start":{"line":19,"column":49},"end":{"line":27,"column":6}},"3":{"start":{"line":20,"column":4},"end":{"line":27,"column":6}},"4":{"start":{"line":23,"column":55},"end":{"line":23,"column":75}},"5":{"start":{"line":30,"column":28},"end":{"line":30,"column":45}},"6":{"start":{"line":31,"column":0},"end":{"line":34,"column":2}},"7":{"start":{"line":36,"column":25},"end":{"line":36,"column":42}},"8":{"start":{"line":37,"column":0},"end":{"line":41,"column":2}}},"fnMap":{"0":{"name":"(anonymous_0)","decl":{"start":{"line":19,"column":49},"end":{"line":19,"column":50}},"loc":{"start":{"line":20,"column":4},"end":{"line":27,"column":6}},"line":20},"1":{"name":"(anonymous_1)","decl":{"start":{"line":23,"column":48},"end":{"line":23,"column":49}},"loc":{"start":{"line":23,"column":54},"end":{"line":23,"column":76}},"line":23}},"branchMap":{},"s":{"0":0,"1":0,"2":0,"3":0,"4":0,"5":0,"6":0,"7":0,"8":0},"f":{"0":0,"1":0},"b":{}}
,"C:\\Users\\manue\\Desktop\\Componentes\\improvingUI\\src\\components\\Table\\Table.tsx": {"path":"C:\\Users\\manue\\Desktop\\Componentes\\improvingUI\\src\\components\\Table\\Table.tsx","statementMap":{"0":{"start":{"line":21,"column":38},"end":{"line":65,"column":1}},"1":{"start":{"line":22,"column":34},"end":{"line":22,"column":52}},"2":{"start":{"line":23,"column":47},"end":{"line":23,"column":65}},"3":{"start":{"line":25,"column":48},"end":{"line":25,"column":70}},"4":{"start":{"line":26,"column":44},"end":{"line":26,"column":66}},"5":{"start":{"line":27,"column":48},"end":{"line":27,"column":73}},"6":{"start":{"line":28,"column":42},"end":{"line":28,"column":64}},"7":{"start":{"line":29,"column":25},"end":{"line":29,"column":40}},"8":{"start":{"line":32,"column":4},"end":{"line":43,"column":17}},"9":{"start":{"line":33,"column":24},"end":{"line":33,"column":47}},"10":{"start":{"line":34,"column":24},"end":{"line":34,"column":53}},"11":{"start":{"line":35,"column":23},"end":{"line":35,"column":49}},"12":{"start":{"line":36,"column":21},"end":{"line":36,"column":44}},"13":{"start":{"line":37,"column":21},"end":{"line":37,"column":46}},"14":{"start":{"line":38,"column":8},"end":{"line":38,"column":35}},"15":{"start":{"line":39,"column":8},"end":{"line":39,"column":32}},"16":{"start":{"line":40,"column":8},"end":{"line":40,"column":29}},"17":{"start":{"line":41,"column":8},"end":{"line":41,"column":32}},"18":{"start":{"line":42,"column":8},"end":{"line":42,"column":28}},"19":{"start":{"line":45,"column":4},"end":{"line":64,"column":5}}},"fnMap":{"0":{"name":"(anonymous_0)","decl":{"start":{"line":21,"column":38},"end":{"line":21,"column":39}},"loc":{"start":{"line":21,"column":128},"end":{"line":65,"column":1}},"line":21},"1":{"name":"(anonymous_1)","decl":{"start":{"line":32,"column":14},"end":{"line":32,"column":15}},"loc":{"start":{"line":32,"column":20},"end":{"line":43,"column":5}},"line":32}},"branchMap":{"0":{"loc":{"start":{"line":21,"column":60},"end":{"line":21,"column":74}},"type":"default-arg","locations":[{"start":{"line":21,"column":72},"end":{"line":21,"column":74}}],"line":21},"1":{"loc":{"start":{"line":21,"column":76},"end":{"line":21,"column":87}},"type":"default-arg","locations":[{"start":{"line":21,"column":85},"end":{"line":21,"column":87}}],"line":21},"2":{"loc":{"start":{"line":21,"column":88},"end":{"line":21,"column":98}},"type":"default-arg","locations":[{"start":{"line":21,"column":96},"end":{"line":21,"column":98}}],"line":21},"3":{"loc":{"start":{"line":21,"column":100},"end":{"line":21,"column":112}},"type":"default-arg","locations":[{"start":{"line":21,"column":110},"end":{"line":21,"column":112}}],"line":21},"4":{"loc":{"start":{"line":47,"column":13},"end":{"line":47,"column":243}},"type":"binary-expr","locations":[{"start":{"line":47,"column":13},"end":{"line":47,"column":19}},{"start":{"line":47,"column":23},"end":{"line":47,"column":243}}],"line":47},"5":{"loc":{"start":{"line":47,"column":199},"end":{"line":47,"column":212}},"type":"binary-expr","locations":[{"start":{"line":47,"column":199},"end":{"line":47,"column":207}},{"start":{"line":47,"column":211},"end":{"line":47,"column":212}}],"line":47},"6":{"loc":{"start":{"line":51,"column":29},"end":{"line":51,"column":58}},"type":"cond-expr","locations":[{"start":{"line":51,"column":47},"end":{"line":51,"column":51}},{"start":{"line":51,"column":53},"end":{"line":51,"column":58}}],"line":51},"7":{"loc":{"start":{"line":61,"column":13},"end":{"line":61,"column":107}},"type":"binary-expr","locations":[{"start":{"line":61,"column":13},"end":{"line":61,"column":23}},{"start":{"line":61,"column":27},"end":{"line":61,"column":107}}],"line":61}},"s":{"0":1,"1":6,"2":6,"3":6,"4":6,"5":6,"6":6,"7":6,"8":6,"9":3,"10":3,"11":3,"12":3,"13":3,"14":3,"15":3,"16":3,"17":3,"18":3,"19":6},"f":{"0":6,"1":3},"b":{"0":[0],"1":[0],"2":[6],"3":[6],"4":[6,0],"5":[0,0],"6":[0,6],"7":[6,0]},"_coverageSchema":"1a1c01bbd47fc00a2c39e90264f33305004495a9","hash":"2012f45e1b7b2c66c56a14396e4ec57d6d06e3e7"}
,"C:\\Users\\manue\\Desktop\\Componentes\\improvingUI\\src\\components\\Table\\TableBody.tsx": {"path":"C:\\Users\\manue\\Desktop\\Componentes\\improvingUI\\src\\components\\Table\\TableBody.tsx","statementMap":{"0":{"start":{"line":11,"column":13},"end":{"line":11,"column":20}},"1":{"start":{"line":13,"column":42},"end":{"line":52,"column":1}},"2":{"start":{"line":14,"column":4},"end":{"line":51,"column":5}},"3":{"start":{"line":18,"column":16},"end":{"line":42,"column":21}},"4":{"start":{"line":21,"column":24},"end":{"line":23,"column":29}},"5":{"start":{"line":26,"column":24},"end":{"line":30,"column":29}},"6":{"start":{"line":26,"column":59},"end":{"line":26,"column":77}},"7":{"start":{"line":37,"column":32},"end":{"line":37,"column":186}},"8":{"start":{"line":37,"column":110},"end":{"line":37,"column":183}}},"fnMap":{"0":{"name":"(anonymous_0)","decl":{"start":{"line":13,"column":42},"end":{"line":13,"column":43}},"loc":{"start":{"line":13,"column":117},"end":{"line":52,"column":1}},"line":13},"1":{"name":"(anonymous_1)","decl":{"start":{"line":17,"column":30},"end":{"line":17,"column":31}},"loc":{"start":{"line":18,"column":16},"end":{"line":42,"column":21}},"line":18},"2":{"name":"(anonymous_2)","decl":{"start":{"line":20,"column":50},"end":{"line":20,"column":51}},"loc":{"start":{"line":21,"column":24},"end":{"line":23,"column":29}},"line":21},"3":{"name":"(anonymous_3)","decl":{"start":{"line":25,"column":46},"end":{"line":25,"column":47}},"loc":{"start":{"line":26,"column":24},"end":{"line":30,"column":29}},"line":26},"4":{"name":"(anonymous_4)","decl":{"start":{"line":26,"column":39},"end":{"line":26,"column":40}},"loc":{"start":{"line":26,"column":59},"end":{"line":26,"column":77}},"line":26},"5":{"name":"(anonymous_5)","decl":{"start":{"line":36,"column":41},"end":{"line":36,"column":42}},"loc":{"start":{"line":37,"column":32},"end":{"line":37,"column":186}},"line":37},"6":{"name":"(anonymous_6)","decl":{"start":{"line":37,"column":103},"end":{"line":37,"column":104}},"loc":{"start":{"line":37,"column":109},"end":{"line":37,"column":184}},"line":37}},"branchMap":{"0":{"loc":{"start":{"line":13,"column":44},"end":{"line":13,"column":55}},"type":"default-arg","locations":[{"start":{"line":13,"column":53},"end":{"line":13,"column":55}}],"line":13},"1":{"loc":{"start":{"line":13,"column":56},"end":{"line":13,"column":66}},"type":"default-arg","locations":[{"start":{"line":13,"column":64},"end":{"line":13,"column":66}}],"line":13},"2":{"loc":{"start":{"line":13,"column":80},"end":{"line":13,"column":92}},"type":"default-arg","locations":[{"start":{"line":13,"column":90},"end":{"line":13,"column":92}}],"line":13},"3":{"loc":{"start":{"line":13,"column":94},"end":{"line":13,"column":111}},"type":"default-arg","locations":[{"start":{"line":13,"column":107},"end":{"line":13,"column":111}}],"line":13},"4":{"loc":{"start":{"line":16,"column":13},"end":{"line":48,"column":21}},"type":"cond-expr","locations":[{"start":{"line":17,"column":17},"end":{"line":43,"column":14}},{"start":{"line":44,"column":17},"end":{"line":48,"column":21}}],"line":16},"5":{"loc":{"start":{"line":19,"column":21},"end":{"line":31,"column":22}},"type":"cond-expr","locations":[{"start":{"line":20,"column":25},"end":{"line":24,"column":22}},{"start":{"line":25,"column":21},"end":{"line":31,"column":22}}],"line":19},"6":{"loc":{"start":{"line":26,"column":24},"end":{"line":30,"column":29}},"type":"cond-expr","locations":[{"start":{"line":27,"column":25},"end":{"line":27,"column":29}},{"start":{"line":28,"column":25},"end":{"line":30,"column":29}}],"line":26},"7":{"loc":{"start":{"line":33,"column":21},"end":{"line":40,"column":29}},"type":"cond-expr","locations":[{"start":{"line":35,"column":24},"end":{"line":39,"column":29}},{"start":{"line":40,"column":25},"end":{"line":40,"column":29}}],"line":33},"8":{"loc":{"start":{"line":37,"column":110},"end":{"line":37,"column":183}},"type":"binary-expr","locations":[{"start":{"line":37,"column":110},"end":{"line":37,"column":130}},{"start":{"line":37,"column":133},"end":{"line":37,"column":183}}],"line":37},"9":{"loc":{"start":{"line":46,"column":25},"end":{"line":46,"column":75}},"type":"cond-expr","locations":[{"start":{"line":46,"column":40},"end":{"line":46,"column":56}},{"start":{"line":46,"column":59},"end":{"line":46,"column":75}}],"line":46}},"s":{"0":1,"1":1,"2":6,"3":70,"4":350,"5":0,"6":0,"7":0,"8":0},"f":{"0":6,"1":70,"2":350,"3":0,"4":0,"5":0,"6":0},"b":{"0":[0],"1":[2],"2":[0],"3":[0],"4":[5,1],"5":[70,0],"6":[0,0],"7":[0,70],"8":[0,0],"9":[0,1]},"_coverageSchema":"1a1c01bbd47fc00a2c39e90264f33305004495a9","hash":"151662050a86453ee818769d1d34e5475a72e325"}
,"C:\\Users\\manue\\Desktop\\Componentes\\improvingUI\\src\\components\\Table\\validations.ts": {"path":"C:\\Users\\manue\\Desktop\\Componentes\\improvingUI\\src\\components\\Table\\validations.ts","statementMap":{"0":{"start":{"line":6,"column":32},"end":{"line":11,"column":1}},"1":{"start":{"line":7,"column":4},"end":{"line":9,"column":5}},"2":{"start":{"line":8,"column":8},"end":{"line":8,"column":23}},"3":{"start":{"line":10,"column":4},"end":{"line":10,"column":26}},"4":{"start":{"line":13,"column":31},"end":{"line":18,"column":1}},"5":{"start":{"line":14,"column":4},"end":{"line":16,"column":5}},"6":{"start":{"line":15,"column":8},"end":{"line":15,"column":23}},"7":{"start":{"line":17,"column":4},"end":{"line":17,"column":26}},"8":{"start":{"line":20,"column":29},"end":{"line":25,"column":1}},"9":{"start":{"line":21,"column":4},"end":{"line":23,"column":5}},"10":{"start":{"line":22,"column":8},"end":{"line":22,"column":23}},"11":{"start":{"line":24,"column":4},"end":{"line":24,"column":26}},"12":{"start":{"line":27,"column":32},"end":{"line":32,"column":1}},"13":{"start":{"line":28,"column":4},"end":{"line":30,"column":5}},"14":{"start":{"line":29,"column":8},"end":{"line":29,"column":23}},"15":{"start":{"line":31,"column":4},"end":{"line":31,"column":31}}},"fnMap":{"0":{"name":"(anonymous_0)","decl":{"start":{"line":6,"column":32},"end":{"line":6,"column":33}},"loc":{"start":{"line":6,"column":55},"end":{"line":11,"column":1}},"line":6},"1":{"name":"(anonymous_1)","decl":{"start":{"line":13,"column":31},"end":{"line":13,"column":32}},"loc":{"start":{"line":13,"column":54},"end":{"line":18,"column":1}},"line":13},"2":{"name":"(anonymous_2)","decl":{"start":{"line":20,"column":29},"end":{"line":20,"column":30}},"loc":{"start":{"line":20,"column":52},"end":{"line":25,"column":1}},"line":20},"3":{"name":"(anonymous_3)","decl":{"start":{"line":27,"column":32},"end":{"line":27,"column":33}},"loc":{"start":{"line":27,"column":60},"end":{"line":32,"column":1}},"line":27}},"branchMap":{"0":{"loc":{"start":{"line":7,"column":4},"end":{"line":9,"column":5}},"type":"if","locations":[{"start":{"line":7,"column":4},"end":{"line":9,"column":5}},{"start":{},"end":{}}],"line":7},"1":{"loc":{"start":{"line":7,"column":7},"end":{"line":7,"column":86}},"type":"binary-expr","locations":[{"start":{"line":7,"column":7},"end":{"line":7,"column":29}},{"start":{"line":7,"column":33},"end":{"line":7,"column":51}},{"start":{"line":7,"column":55},"end":{"line":7,"column":86}}],"line":7},"2":{"loc":{"start":{"line":14,"column":4},"end":{"line":16,"column":5}},"type":"if","locations":[{"start":{"line":14,"column":4},"end":{"line":16,"column":5}},{"start":{},"end":{}}],"line":14},"3":{"loc":{"start":{"line":14,"column":7},"end":{"line":14,"column":86}},"type":"binary-expr","locations":[{"start":{"line":14,"column":7},"end":{"line":14,"column":29}},{"start":{"line":14,"column":33},"end":{"line":14,"column":51}},{"start":{"line":14,"column":55},"end":{"line":14,"column":86}}],"line":14},"4":{"loc":{"start":{"line":21,"column":4},"end":{"line":23,"column":5}},"type":"if","locations":[{"start":{"line":21,"column":4},"end":{"line":23,"column":5}},{"start":{},"end":{}}],"line":21},"5":{"loc":{"start":{"line":21,"column":7},"end":{"line":21,"column":86}},"type":"binary-expr","locations":[{"start":{"line":21,"column":7},"end":{"line":21,"column":29}},{"start":{"line":21,"column":33},"end":{"line":21,"column":51}},{"start":{"line":21,"column":55},"end":{"line":21,"column":86}}],"line":21},"6":{"loc":{"start":{"line":28,"column":4},"end":{"line":30,"column":5}},"type":"if","locations":[{"start":{"line":28,"column":4},"end":{"line":30,"column":5}},{"start":{},"end":{}}],"line":28},"7":{"loc":{"start":{"line":28,"column":7},"end":{"line":28,"column":81}},"type":"binary-expr","locations":[{"start":{"line":28,"column":7},"end":{"line":28,"column":29}},{"start":{"line":28,"column":33},"end":{"line":28,"column":51}},{"start":{"line":28,"column":55},"end":{"line":28,"column":81}}],"line":28}},"s":{"0":1,"1":3,"2":3,"3":0,"4":1,"5":3,"6":0,"7":3,"8":1,"9":6,"10":4,"11":2,"12":1,"13":3,"14":0,"15":3},"f":{"0":3,"1":3,"2":6,"3":3},"b":{"0":[3,0],"1":[3,3,3],"2":[0,3],"3":[3,3,0],"4":[4,2],"5":[6,6,4],"6":[0,3],"7":[3,3,0]},"_coverageSchema":"1a1c01bbd47fc00a2c39e90264f33305004495a9","hash":"26657896d916a70fcfe30be2fb63b2eeb5426fd1"}
}
