TN:
SF:src\components\Table\Table.stories.tsx
FN:19,(anonymous_0)
FN:23,(anonymous_1)
FNF:2
FNH:0
FNDA:0,(anonymous_0)
FNDA:0,(anonymous_1)
DA:4,0
DA:17,0
DA:19,0
DA:20,0
DA:23,0
DA:30,0
DA:31,0
DA:36,0
DA:37,0
LF:9
LH:0
BRF:0
BRH:0
end_of_record
TN:
SF:src\components\Table\Table.tsx
FN:21,(anonymous_0)
FN:32,(anonymous_1)
FNF:2
FNH:2
FNDA:6,(anonymous_0)
FNDA:3,(anonymous_1)
DA:21,1
DA:22,6
DA:23,6
DA:25,6
DA:26,6
DA:27,6
DA:28,6
DA:29,6
DA:32,6
DA:33,3
DA:34,3
DA:35,3
DA:36,3
DA:37,3
DA:38,3
DA:39,3
DA:40,3
DA:41,3
DA:42,3
DA:45,6
LF:20
LH:20
BRDA:21,0,0,0
BRDA:21,1,0,0
BRDA:21,2,0,6
BRDA:21,3,0,6
BRDA:47,4,0,6
BRDA:47,4,1,0
BRDA:47,5,0,0
BRDA:47,5,1,0
BRDA:51,6,0,0
BRDA:51,6,1,6
BRDA:61,7,0,6
BRDA:61,7,1,0
BRF:12
BRH:5
end_of_record
TN:
SF:src\components\Table\TableBody.tsx
FN:13,(anonymous_0)
FN:17,(anonymous_1)
FN:20,(anonymous_2)
FN:25,(anonymous_3)
FN:26,(anonymous_4)
FN:36,(anonymous_5)
FN:37,(anonymous_6)
FNF:7
FNH:3
FNDA:6,(anonymous_0)
FNDA:70,(anonymous_1)
FNDA:350,(anonymous_2)
FNDA:0,(anonymous_3)
FNDA:0,(anonymous_4)
FNDA:0,(anonymous_5)
FNDA:0,(anonymous_6)
DA:11,1
DA:13,1
DA:14,6
DA:18,70
DA:21,350
DA:26,0
DA:37,0
LF:7
LH:5
BRDA:13,0,0,0
BRDA:13,1,0,2
BRDA:13,2,0,0
BRDA:13,3,0,0
BRDA:16,4,0,5
BRDA:16,4,1,1
BRDA:19,5,0,70
BRDA:19,5,1,0
BRDA:26,6,0,0
BRDA:26,6,1,0
BRDA:33,7,0,0
BRDA:33,7,1,70
BRDA:37,8,0,0
BRDA:37,8,1,0
BRDA:46,9,0,0
BRDA:46,9,1,1
BRF:16
BRH:6
end_of_record
TN:
SF:src\components\Table\validations.ts
FN:6,(anonymous_0)
FN:13,(anonymous_1)
FN:20,(anonymous_2)
FN:27,(anonymous_3)
FNF:4
FNH:4
FNDA:3,(anonymous_0)
FNDA:3,(anonymous_1)
FNDA:6,(anonymous_2)
FNDA:3,(anonymous_3)
DA:6,1
DA:7,3
DA:8,3
DA:10,0
DA:13,1
DA:14,3
DA:15,0
DA:17,3
DA:20,1
DA:21,6
DA:22,4
DA:24,2
DA:27,1
DA:28,3
DA:29,0
DA:31,3
LF:16
LH:13
BRDA:7,0,0,3
BRDA:7,0,1,0
BRDA:7,1,0,3
BRDA:7,1,1,3
BRDA:7,1,2,3
BRDA:14,2,0,0
BRDA:14,2,1,3
BRDA:14,3,0,3
BRDA:14,3,1,3
BRDA:14,3,2,0
BRDA:21,4,0,4
BRDA:21,4,1,2
BRDA:21,5,0,6
BRDA:21,5,1,6
BRDA:21,5,2,4
BRDA:28,6,0,0
BRDA:28,6,1,3
BRDA:28,7,0,3
BRDA:28,7,1,3
BRDA:28,7,2,0
BRF:20
BRH:15
end_of_record
